<?xml version="1.0" encoding="UTF-8"?>
<testsuite name="com.danillo.customer.controller.CustomerControllerTest" tests="2" skipped="0" failures="0" errors="0" timestamp="2024-11-20T02:52:08" hostname="DLF" time="0.203">
  <properties/>
  <testcase name="getCustomerById_ReturnsCustomer()" classname="com.danillo.customer.controller.CustomerControllerTest" time="0.183"/>
  <testcase name="getCustomerById_CustomerNotFound()" classname="com.danillo.customer.controller.CustomerControllerTest" time="0.019"/>
  <system-out><![CDATA[23:52:05.618 [Test worker] INFO org.springframework.test.context.support.AnnotationConfigContextLoaderUtils -- Could not detect default configuration classes for test class [com.danillo.customer.controller.CustomerControllerTest]: CustomerControllerTest does not declare any static, non-private, non-final, nested classes annotated with @Configuration.
23:52:05.716 [Test worker] INFO org.springframework.boot.test.context.SpringBootTestContextBootstrapper -- Found @SpringBootConfiguration com.danillo.customer.CustomerApplication for test class com.danillo.customer.controller.CustomerControllerTest

  .   ____          _            __ _ _
 /\\ / ___'_ __ _ _(_)_ __  __ _ \ \ \ \
( ( )\___ | '_ | '_| | '_ \/ _` | \ \ \ \
 \\/  ___)| |_)| | | | | || (_| |  ) ) ) )
  '  |____| .__|_| |_|_| |_\__, | / / / /
 =========|_|==============|___/=/_/_/_/

 :: Spring Boot ::                (v3.3.5)

2024-11-19T23:52:06.067-03:00  INFO 67824 --- [customer] [    Test worker] c.d.c.controller.CustomerControllerTest  : Starting CustomerControllerTest using Java 17.0.13 with PID 67824 (started by danil in C:\Users\danil\Projects\NavaliaProject\customer)
2024-11-19T23:52:06.069-03:00  INFO 67824 --- [customer] [    Test worker] c.d.c.controller.CustomerControllerTest  : No active profile set, falling back to 1 default profile: "default"
2024-11-19T23:52:08.332-03:00  INFO 67824 --- [customer] [    Test worker] o.s.b.t.m.w.SpringBootMockServletContext : Initializing Spring TestDispatcherServlet ''
2024-11-19T23:52:08.333-03:00  INFO 67824 --- [customer] [    Test worker] o.s.t.web.servlet.TestDispatcherServlet  : Initializing Servlet ''
2024-11-19T23:52:08.338-03:00  INFO 67824 --- [customer] [    Test worker] o.s.t.web.servlet.TestDispatcherServlet  : Completed initialization in 1 ms
2024-11-19T23:52:08.386-03:00  INFO 67824 --- [customer] [    Test worker] c.d.c.controller.CustomerControllerTest  : Started CustomerControllerTest in 2.611 seconds (process running for 3.339)
2024-11-19T23:52:08.604-03:00  WARN 67824 --- [customer] [    Test worker] c.d.c.exception.GlobalExceptionHandler   : CustomerNotFoundException: Customer not found
]]></system-out>
  <system-err><![CDATA[]]></system-err>
</testsuite>
