<?xml version="1.0" encoding="UTF-8"?>
<testsuite name="com.danillo.customer.service.CustomerServiceTest" tests="2" skipped="0" failures="0" errors="0" timestamp="2024-11-20T02:52:08" hostname="DLF" time="0.106">
  <properties/>
  <testcase name="getCustomer_Success()" classname="com.danillo.customer.service.CustomerServiceTest" time="0.102"/>
  <testcase name="getCustomer_CustomerNotFound()" classname="com.danillo.customer.service.CustomerServiceTest" time="0.003"/>
  <system-out><![CDATA[]]></system-out>
  <system-err><![CDATA[]]></system-err>
</testsuite>
